C51 COMPILER V9.54   MAIN                                                                  04/03/2023 20:31:11 PAGE 1   


C51 COMPILER V9.54, COMPILATION OF MODULE MAIN
OBJECT MODULE PLACED IN .\Objects\main.obj
COMPILER INVOKED BY: E:\Keil C51\C51\BIN\C51.EXE Sources\main.c OPTIMIZE(8,SPEED) BROWSE DEBUG OBJECTEXTEND PRINT(.\List
                    -ings\main.lst) TABS(2) OBJECT(.\Objects\main.obj)

line level    source

   1          #include <rtx51tny.h>
   2          #include <reg52.h>
   3          #include "../Header/Timer0.h"
   4          #include "../Header/Delay.h"
   5          #include "../Header/Nixie.h"
   6          
   7          //ËúÇÈ∏£Âô®Á´ØÂè£ÂÆö‰πâ
   8          sbit Buzzer=P2^5;
   9          
  10          //Êí≠ÊîæÈÄüÂ∫¶ÔºåÂÄº‰∏∫ÂõõÂàÜÈü≥Á¨¶ÁöÑÊó∂Èïø(ms)
  11          #define SPEED 500
  12          
  13          
  14          
  15          //Èü≥Á¨¶‰∏éÁ¥¢ÂºïÂØπÂ∫îË°®ÔºåPÔºö‰ºëÊ≠¢Á¨¶ÔºåLÔºö‰ΩéÈü≥ÔºåMÔºö‰∏≠Èü≥ÔºåHÔºöÈ´òÈü≥Ôºå‰∏ãÂàíÁ∫øÔºöÂçáÂçäÈü≥Á
             -¨¶Âè∑#
  16          #define P 0
  17          #define L1  1
  18          #define L1_ 2
  19          #define L2  3
  20          #define L2_ 4
  21          #define L3  5
  22          #define L4  6
  23          #define L4_ 7
  24          #define L5  8
  25          #define L5_ 9
  26          #define L6  10
  27          #define L6_ 11
  28          #define L7  12
  29          #define M1  13
  30          #define M1_ 14
  31          #define M2  15
  32          #define M2_ 16
  33          #define M3  17
  34          #define M4  18
  35          #define M4_ 19
  36          #define M5  20
  37          #define M5_ 21
  38          #define M6  22
  39          #define M6_ 23
  40          #define M7  24
  41          #define H1  25
  42          #define H1_ 26
  43          #define H2  27
  44          #define H2_ 28
  45          #define H3  29
  46          #define H4  30
  47          #define H4_ 31
  48          #define H5  32
  49          #define H5_ 33
  50          #define H6  34
  51          #define H6_ 35
  52          #define H7  36
  53          
C51 COMPILER V9.54   MAIN                                                                  04/03/2023 20:31:11 PAGE 2   

  54          //Á¥¢Âºï‰∏éÈ¢ëÁéáÂØπÁÖßË°®
  55          unsigned int FreqTable[]={
  56            0,
  57            63628,63731,63835,63928,64021,64103,64185,64260,64331,64400,64463,64528,
  58            64580,64633,64684,64732,64777,64820,64860,64898,64934,64968,65000,65030,
  59            65058,65085,65110,65134,65157,65178,65198,65217,65235,65252,65268,65283,
  60          };
  61          
  62          //‰πêË∞±
  63          unsigned char code Music[]={
  64            //Èü≥Á¨¶,Êó∂ÂÄº,
  65            
  66            //1
  67            P,  4,
  68            P,  4,
  69            P,  4,
  70            M6, 2,
  71            M7, 2,
  72            
  73            H1, 4+2,
  74            M7, 2,
  75            H1, 4,
  76            H3, 4,
  77            
  78            M7, 4+4+4,
  79            M3, 2,
  80            M3, 2,
  81            
  82            //2
  83            M6, 4+2,
  84            M5, 2,
  85            M6, 4,
  86            H1, 4,
  87            
  88            M5, 4+4+4,
  89          //  M3, 4,
  90            
  91          //  M4, 4+2,
  92          //  M3, 2,
  93          //  M4, 4,
  94          //  H1, 4,
  95          //  
  96          //  //3
  97          //  M3, 4+4,
  98          //  P,  2,
  99          //  H1, 2,
 100          //  H1, 2,
 101          //  H1, 2,
 102          //  
 103          //  M7, 4+2,
 104          //  M4_,2,
 105          //  M4_,4,
 106          //  M7, 4,
 107          //  
 108          //  M7, 8,
 109          //  P,  4,
 110          //  M6, 2,
 111          //  M7, 2,
 112          //  
 113          //  //4
 114          //  H1, 4+2,
 115          //  M7, 2,
C51 COMPILER V9.54   MAIN                                                                  04/03/2023 20:31:11 PAGE 3   

 116          //  H1, 4,
 117          //  H3, 4,
 118          //  
 119          //  M7, 4+4+4,
 120          //  M3, 2,
 121          //  M3, 2,
 122          //  
 123          //  M6, 4+2,
 124          //  M5, 2,
 125          //  M6, 4,
 126          //  H1, 4,
 127          //  
 128          //  //5
 129          //  M5, 4+4+4,
 130          //  M2, 2,
 131          //  M3, 2,
 132          //  
 133          //  M4, 4,
 134          //  H1, 2,
 135          //  M7, 2+2,
 136          //  H1, 2+4,
 137          //  
 138          //  H2, 2,
 139          //  H2, 2,
 140          //  H3, 2,
 141          //  H1, 2+4+4,
 142          //  
 143          //  //6
 144          //  H1, 2,
 145          //  M7, 2,
 146          //  M6, 2,
 147          //  M6, 2,
 148          //  M7, 4,
 149          //  M5_,4,
 150          //  
 151          //  
 152          //  M6, 4+4+4,
 153          //  H1, 2,
 154          //  H2, 2,
 155          //  
 156          //  H3, 4+2,
 157          //  H2, 2,
 158          //  H3, 4,
 159          //  H5, 4,
 160          //  
 161          //  //7
 162          //  H2, 4+4+4,
 163          //  M5, 2,
 164          //  M5, 2,
 165          //  
 166          //  H1, 4+2,
 167          //  M7, 2,
 168          //  H1, 4,
 169          //  H3, 4,
 170          //  
 171          //  H3, 4+4+4+4,
 172          //  
 173          //  //8
 174          //  M6, 2,
 175          //  M7, 2,
 176          //  H1, 4,
 177          //  M7, 4,
C51 COMPILER V9.54   MAIN                                                                  04/03/2023 20:31:11 PAGE 4   

 178          //  H2, 2,
 179          //  H2, 2,
 180          //  
 181          //  H1, 4+2,
 182          //  M5, 2+4+4,
 183          //  
 184          //  H4, 4,
 185          //  H3, 4,
 186          //  H3, 4,
 187          //  H1, 4,
 188          //  
 189          //  //9
 190          //  H3, 4+4+4,
 191          //  H3, 4,
 192          //  
 193          //  H6, 4+4,
 194          //  H5, 4,
 195          //  H5, 4,
 196          //  
 197          //  H3, 2,
 198          //  H2, 2,
 199          //  H1, 4+4,
 200          //  P,  2,
 201          //  H1, 2,
 202          //  
 203          //  //10
 204          //  H2, 4,
 205          //  H1, 2,
 206          //  H2, 2,
 207          //  H2, 4,
 208          //  H5, 4,
 209          //  
 210          //  H3, 4+4+4,
 211          //  H3, 4,
 212          //  
 213          //  H6, 4+4,
 214          //  H5, 4+4,
 215          //  
 216          //  //11
 217          //  H3, 2,
 218          //  H2, 2,
 219          //  H1, 4+4,
 220          //  P,  2,
 221          //  H1, 2,
 222          //  
 223          //  H2, 4,
 224          //  H1, 2,
 225          //  H2, 2+4,
 226          //  M7, 4,
 227          //  
 228          //  M6, 4+4+4,
 229          //  P,  4,
 230          //  
 231            0xFF  //ÁªàÊ≠¢Ê†áÂøó
 232          };
 233          
 234          unsigned char FreqSelect,MusicSelect;
 235          
 236          void init (void) _task_ 0 {
 237   1        os_create_task (1);
 238   1        os_create_task (2);
 239   1        os_create_task (3);
C51 COMPILER V9.54   MAIN                                                                  04/03/2023 20:31:11 PAGE 5   

 240   1        os_delete_task (0);
 241   1        while(1);
 242   1      }
 243          
 244          
 245          void buzzer (void) _task_ 3 {
 246   1      
 247   1        while(1)
 248   1        {
 249   2          Timer0Init();
 250   2          if(Music[MusicSelect]!=0xFF)
 251   2          {
 252   3            FreqSelect=Music[MusicSelect];  //ÈÄâÊã©Èü≥Á¨¶ÂØπÂ∫îÁöÑÈ¢ëÁéá
 253   3            MusicSelect++;
 254   3            Delay(SPEED/4*Music[MusicSelect]);  //ÈÄâÊã©Èü≥Á¨¶ÂØπÂ∫îÁöÑÊó∂ÂÄº
 255   3            MusicSelect++;
 256   3            TR0=0;
 257   3            Delay(5); //A brief pause
 258   3            TR0=1;
 259   3          }
 260   2          else
 261   2          {
 262   3            TR0=0;
 263   3            os_delete_task(3); 
 264   3          }
 265   2        }
 266   1      }
 267          
 268          
 269          
 270          void counter (void) _task_ 1 {
 271   1        int i;
 272   1        while (1) {
 273   2          Nixie(1,i++);
 274   2          Delay(500);
 275   2          if (i == 10) { 
 276   3            P2=0xFE;
 277   3            os_delete_task(1);
 278   3          }
 279   2        }
 280   1      
 281   1      }
 282          
 283          void led (void) _task_ 2 {
 284   1      
 285   1        while (1) {
 286   2          P2=0xFE;//1111 1110
 287   2          Delay(100);
 288   2          P2=0xFD;//1111 1101
 289   2          Delay(100);
 290   2          P2=0xFB;//1111 1011
 291   2          Delay(100);
 292   2          P2=0xF7;//1111 0111
 293   2          Delay(100);
 294   2          P2=0xEF;//1110 1111
 295   2          Delay(100);
 296   2          P2=0xDF;//1101 1111
 297   2          Delay(100);
 298   2          P2=0xBF;//1011 1111
 299   2          Delay(100);
 300   2          P2=0x7F;//0111 1111
 301   2          Delay(100);
C51 COMPILER V9.54   MAIN                                                                  04/03/2023 20:31:11 PAGE 6   

 302   2          P2=0xFF;
 303   2        
 304   2          os_switch_task();
 305   2          while(1);
 306   2        }
 307   1      }
 308          
 309          
 310          
 311          void Timer0_Routine(void) interrupt 1
 312          {
 313   1        if(FreqTable[FreqSelect]) //Â¶ÇÊûú‰∏çÊòØ‰ºëÊ≠¢Á¨¶
 314   1        {
 315   2          /*ÂèñÂØπÂ∫îÈ¢ëÁéáÂÄºÁöÑÈáçË£ÖËΩΩÂÄºÂà∞ÂÆöÊó∂Âô®*/
 316   2          TL0 = FreqTable[FreqSelect]%256;    //ËÆæÁΩÆÂÆöÊó∂ÂàùÂÄº
 317   2          TH0 = FreqTable[FreqSelect]/256;    //ËÆæÁΩÆÂÆöÊó∂ÂàùÂÄº
 318   2          Buzzer=!Buzzer; //ÁøªËΩ¨ËúÇÈ∏£Âô®IOÂè£
 319   2        }
 320   1      }
 321                


MODULE INFORMATION:   STATIC OVERLAYABLE
   CODE SIZE        =    258    ----
   CONSTANT SIZE    =     35    ----
   XDATA SIZE       =   ----    ----
   PDATA SIZE       =   ----    ----
   DATA SIZE        =     76       2
   IDATA SIZE       =   ----    ----
   BIT SIZE         =   ----    ----
END OF MODULE INFORMATION.


C51 COMPILATION COMPLETE.  0 WARNING(S),  0 ERROR(S)
